[debug] [2024-04-10T21:40:51.537Z] ----------------------------------------------------------------------
[debug] [2024-04-10T21:40:51.542Z] Command:       C:\Program Files\nodejs\node.exe C:\Program Files\nodejs\node_modules\firebase-tools\lib\bin\firebase.js init hosting
[debug] [2024-04-10T21:40:51.543Z] CLI Version:   13.7.1
[debug] [2024-04-10T21:40:51.543Z] Platform:      win32
[debug] [2024-04-10T21:40:51.543Z] Node Version:  v20.10.0
[debug] [2024-04-10T21:40:51.544Z] Time:          Wed Apr 10 2024 23:40:51 GMT+0200 (Central Africa Time)
[debug] [2024-04-10T21:40:51.544Z] ----------------------------------------------------------------------
[debug] 
[debug] [2024-04-10T21:40:51.558Z] > command requires scopes: ["email","openid","https://www.googleapis.com/auth/cloudplatformprojects.readonly","https://www.googleapis.com/auth/firebase","https://www.googleapis.com/auth/cloud-platform"]
[debug] [2024-04-10T21:40:51.559Z] > authorizing via signed-in user (magola.frida@gmail.com)
[info] 
     ######## #### ########  ######## ########     ###     ######  ########
     ##        ##  ##     ## ##       ##     ##  ##   ##  ##       ##
     ######    ##  ########  ######   ########  #########  ######  ######
     ##        ##  ##    ##  ##       ##     ## ##     ##       ## ##
     ##       #### ##     ## ######## ########  ##     ##  ######  ########

You're about to initialize a Firebase project in this directory:

  I:\STOWERINVEST_DEVS_2024\CLIENTS_PROJECTS\UJKOLKZI\ujkol-ofm-frontend

[info] 
=== Project Setup
[info] 
[info] First, let's associate this project directory with a Firebase project.
[info] You can create multiple project aliases by running firebase use --add, 
[info] but for now we'll just set up a default project.
[info] 
[debug] [2024-04-10T21:41:05.759Z] >>> [apiv2][query] GET https://firebase.googleapis.com/v1beta1/projects pageSize=100
[debug] [2024-04-10T21:41:07.243Z] <<< [apiv2][status] GET https://firebase.googleapis.com/v1beta1/projects 200
[debug] [2024-04-10T21:41:07.244Z] <<< [apiv2][body] GET https://firebase.googleapis.com/v1beta1/projects [omitted]
